# JRE version: Java(TM) SE Runtime Environment (8.0_111-b14) (build 1.8.0_111-b14)
# Java VM: Java HotSpot(TM) 64-Bit Server VM (25.111-b14 mixed mode windows-amd64 compressed oops)
Heap:
 PSYoungGen      total 58880K, used 17753K [0x00000000e0b80000, 0x00000000e5880000, 0x0000000100000000)
  eden space 44032K, 8% used [0x00000000e0b80000,0x00000000e0efa6f0,0x00000000e3680000)
  from space 14848K, 95% used [0x00000000e4900000,0x00000000e56dbf40,0x00000000e5780000)
  to   space 17408K, 0% used [0x00000000e3680000,0x00000000e3680000,0x00000000e4780000)
 ParOldGen       total 143872K, used 61181K [0x00000000a2200000, 0x00000000aae80000, 0x00000000e0b80000)
  object space 143872K, 42% used [0x00000000a2200000,0x00000000a5dbf568,0x00000000aae80000)
 Metaspace       used 33074K, capacity 34382K, committed 34560K, reserved 1079296K
  class space    used 4570K, capacity 4828K, committed 4864K, reserved 1048576K
GC Heap History (10 events):
Event: 8.774 GC heap before
{Heap before GC invocations=6 (full 1):
 PSYoungGen      total 28160K, used 24576K [0x00000000e0b80000, 0x00000000e2a80000, 0x0000000100000000)
  eden space 24576K, 100% used [0x00000000e0b80000,0x00000000e2380000,0x00000000e2380000)
  from space 3584K, 0% used [0x00000000e2700000,0x00000000e2700000,0x00000000e2a80000)
  to   space 3584K, 0% used [0x00000000e2380000,0x00000000e2380000,0x00000000e2700000)
 ParOldGen       total 113152K, used 56206K [0x00000000a2200000, 0x00000000a9080000, 0x00000000e0b80000)
  object space 113152K, 49% used [0x00000000a2200000,0x00000000a58e3a88,0x00000000a9080000)
 Metaspace       used 23173K, capacity 24144K, committed 24320K, reserved 1071104K
  class space    used 3358K, capacity 3581K, committed 3584K, reserved 1048576K
Event: 8.778 GC heap after
Heap after GC invocations=6 (full 1):
 PSYoungGen      total 28160K, used 3558K [0x00000000e0b80000, 0x00000000e4c00000, 0x0000000100000000)
  eden space 24576K, 0% used [0x00000000e0b80000,0x00000000e0b80000,0x00000000e2380000)
  from space 3584K, 99% used [0x00000000e2380000,0x00000000e26f98f0,0x00000000e2700000)
  to   space 16896K, 0% used [0x00000000e3b80000,0x00000000e3b80000,0x00000000e4c00000)
 ParOldGen       total 113152K, used 56558K [0x00000000a2200000, 0x00000000a9080000, 0x00000000e0b80000)
  object space 113152K, 49% used [0x00000000a2200000,0x00000000a593ba38,0x00000000a9080000)
 Metaspace       used 23173K, capacity 24144K, committed 24320K, reserved 1071104K
  class space    used 3358K, capacity 3581K, committed 3584K, reserved 1048576K
}
Event: 9.537 GC heap before
{Heap before GC invocations=7 (full 1):
 PSYoungGen      total 28160K, used 28134K [0x00000000e0b80000, 0x00000000e4c00000, 0x0000000100000000)
  eden space 24576K, 100% used [0x00000000e0b80000,0x00000000e2380000,0x00000000e2380000)
  from space 3584K, 99% used [0x00000000e2380000,0x00000000e26f98f0,0x00000000e2700000)
  to   space 16896K, 0% used [0x00000000e3b80000,0x00000000e3b80000,0x00000000e4c00000)
 ParOldGen       total 113152K, used 56558K [0x00000000a2200000, 0x00000000a9080000, 0x00000000e0b80000)
  object space 113152K, 49% used [0x00000000a2200000,0x00000000a593ba38,0x00000000a9080000)
 Metaspace       used 27573K, capacity 28528K, committed 28800K, reserved 1073152K
  class space    used 3882K, capacity 4125K, committed 4224K, reserved 1048576K
Event: 9.543 GC heap after
Heap after GC invocations=7 (full 1):
 PSYoungGen      total 49152K, used 5057K [0x00000000e0b80000, 0x00000000e4b00000, 0x0000000100000000)
  eden space 33280K, 0% used [0x00000000e0b80000,0x00000000e0b80000,0x00000000e2c00000)
  from space 15872K, 31% used [0x00000000e3b80000,0x00000000e4070450,0x00000000e4b00000)
  to   space 15872K, 0% used [0x00000000e2c00000,0x00000000e2c00000,0x00000000e3b80000)
 ParOldGen       total 113152K, used 56566K [0x00000000a2200000, 0x00000000a9080000, 0x00000000e0b80000)
  object space 113152K, 49% used [0x00000000a2200000,0x00000000a593da38,0x00000000a9080000)
 Metaspace       used 27573K, capacity 28528K, committed 28800K, reserved 1073152K
  class space    used 3882K, capacity 4125K, committed 4224K, reserved 1048576K
}
Event: 10.027 GC heap before
{Heap before GC invocations=8 (full 1):
 PSYoungGen      total 49152K, used 24727K [0x00000000e0b80000, 0x00000000e4b00000, 0x0000000100000000)
  eden space 33280K, 59% used [0x00000000e0b80000,0x00000000e1eb5930,0x00000000e2c00000)
  from space 15872K, 31% used [0x00000000e3b80000,0x00000000e4070450,0x00000000e4b00000)
  to   space 15872K, 0% used [0x00000000e2c00000,0x00000000e2c00000,0x00000000e3b80000)
 ParOldGen       total 113152K, used 56566K [0x00000000a2200000, 0x00000000a9080000, 0x00000000e0b80000)
  object space 113152K, 49% used [0x00000000a2200000,0x00000000a593da38,0x00000000a9080000)
 Metaspace       used 30543K, capacity 31504K, committed 31576K, reserved 1077248K
  class space    used 4238K, capacity 4477K, committed 4480K, reserved 1048576K
Event: 10.035 GC heap after
Heap after GC invocations=8 (full 1):
 PSYoungGen      total 49152K, used 5373K [0x00000000e0b80000, 0x00000000e5780000, 0x0000000100000000)
  eden space 33280K, 0% used [0x00000000e0b80000,0x00000000e0b80000,0x00000000e2c00000)
  from space 15872K, 33% used [0x00000000e2c00000,0x00000000e313f5e8,0x00000000e3b80000)
  to   space 14848K, 0% used [0x00000000e4900000,0x00000000e4900000,0x00000000e5780000)
 ParOldGen       total 113152K, used 56574K [0x00000000a2200000, 0x00000000a9080000, 0x00000000e0b80000)
  object space 113152K, 49% used [0x00000000a2200000,0x00000000a593fa38,0x00000000a9080000)
 Metaspace       used 30543K, capacity 31504K, committed 31576K, reserved 1077248K
  class space    used 4238K, capacity 4477K, committed 4480K, reserved 1048576K
}
Event: 10.035 GC heap before
{Heap before GC invocations=9 (full 2):
 PSYoungGen      total 49152K, used 5373K [0x00000000e0b80000, 0x00000000e5780000, 0x0000000100000000)
  eden space 33280K, 0% used [0x00000000e0b80000,0x00000000e0b80000,0x00000000e2c00000)
  from space 15872K, 33% used [0x00000000e2c00000,0x00000000e313f5e8,0x00000000e3b80000)
  to   space 14848K, 0% used [0x00000000e4900000,0x00000000e4900000,0x00000000e5780000)
 ParOldGen       total 113152K, used 56574K [0x00000000a2200000, 0x00000000a9080000, 0x00000000e0b80000)
  object space 113152K, 49% used [0x00000000a2200000,0x00000000a593fa38,0x00000000a9080000)
 Metaspace       used 30543K, capacity 31504K, committed 31576K, reserved 1077248K
  class space    used 4238K, capacity 4477K, committed 4480K, reserved 1048576K
Event: 10.093 GC heap after
Heap after GC invocations=9 (full 2):
 PSYoungGen      total 49152K, used 0K [0x00000000e0b80000, 0x00000000e5780000, 0x0000000100000000)
  eden space 33280K, 0% used [0x00000000e0b80000,0x00000000e0b80000,0x00000000e2c00000)
  from space 15872K, 0% used [0x00000000e2c00000,0x00000000e2c00000,0x00000000e3b80000)
  to   space 14848K, 0% used [0x00000000e4900000,0x00000000e4900000,0x00000000e5780000)
 ParOldGen       total 143872K, used 61173K [0x00000000a2200000, 0x00000000aae80000, 0x00000000e0b80000)
  object space 143872K, 42% used [0x00000000a2200000,0x00000000a5dbd568,0x00000000aae80000)
 Metaspace       used 30543K, capacity 31504K, committed 31576K, reserved 1077248K
  class space    used 4238K, capacity 4477K, committed 4480K, reserved 1048576K
}
Event: 12.014 GC heap before
{Heap before GC invocations=10 (full 2):
 PSYoungGen      total 49152K, used 33280K [0x00000000e0b80000, 0x00000000e5780000, 0x0000000100000000)
  eden space 33280K, 100% used [0x00000000e0b80000,0x00000000e2c00000,0x00000000e2c00000)
  from space 15872K, 0% used [0x00000000e2c00000,0x00000000e2c00000,0x00000000e3b80000)
  to   space 14848K, 0% used [0x00000000e4900000,0x00000000e4900000,0x00000000e5780000)
 ParOldGen       total 143872K, used 61173K [0x00000000a2200000, 0x00000000aae80000, 0x00000000e0b80000)
  object space 143872K, 42% used [0x00000000a2200000,0x00000000a5dbd568,0x00000000aae80000)
 Metaspace       used 32906K, capacity 34236K, committed 34304K, reserved 1079296K
  class space    used 4563K, capacity 4825K, committed 4864K, reserved 1048576K
Event: 12.034 GC heap after
Heap after GC invocations=10 (full 2):
 PSYoungGen      total 58880K, used 14191K [0x00000000e0b80000, 0x00000000e5880000, 0x0000000100000000)
  eden space 44032K, 0% used [0x00000000e0b80000,0x00000000e0b80000,0x00000000e3680000)
  from space 14848K, 95% used [0x00000000e4900000,0x00000000e56dbf40,0x00000000e5780000)
  to   space 17408K, 0% used [0x00000000e3680000,0x00000000e3680000,0x00000000e4780000)
 ParOldGen       total 143872K, used 61181K [0x00000000a2200000, 0x00000000aae80000, 0x00000000e0b80000)
  object space 143872K, 42% used [0x00000000a2200000,0x00000000a5dbf568,0x00000000aae80000)
 Metaspace       used 32906K, capacity 34236K, committed 34304K, reserved 1079296K
  class space    used 4563K, capacity 4825K, committed 4864K, reserved 1048576K
}

